2025-11-09 21:55:00,050 - INFO - ================================================================================
2025-11-09 21:55:00,051 - INFO - 🚀 MONTHLY RECONCILIATION - MAY 2025
2025-11-09 21:55:00,051 - INFO - ================================================================================
2025-11-09 21:55:00,051 - INFO - 
[STEP 1/7] Loading source files...
2025-11-09 21:55:14,600 - INFO -   ✅ Pivot: 113,393
2025-11-09 21:55:14,600 - INFO -   ✅ Accrual: 42
2025-11-09 21:55:14,600 - INFO -   ✅ Billable: 2,637
2025-11-09 21:55:14,600 - INFO - 
[STEP 2/7] Normalizing schemas...
2025-11-09 21:55:14,654 - INFO - 
[STEP 3/7] Combining transaction sources...
2025-11-09 21:55:14,672 - INFO -   ✅ Combined: 116,030
2025-11-09 21:55:14,672 - INFO - 
[STEP 4/7] Advanced matching (3-strategy)...
2025-11-09 21:59:05,690 - INFO - 
[STEP 5/7] Calculating variances...
2025-11-09 21:59:07,097 - INFO -   ✅ Matched: 11,371 (9.8%)
2025-11-09 21:59:07,097 - INFO - 
[STEP 6/7] Generating accrual suggestions...
2025-11-09 21:59:07,253 - INFO -   ✅ Generated: 104,659
2025-11-09 21:59:07,254 - INFO - 
[STEP 7/7] Generating reports...
2025-11-09 22:00:54,334 - INFO - 
================================================================================
2025-11-09 22:00:54,335 - INFO - ✅ MONTHLY RECONCILIATION COMPLETE
2025-11-09 22:00:54,335 - INFO - ================================================================================
2025-11-09 22:00:54,335 - INFO - 
📊 RESULTS:
2025-11-09 22:00:54,335 - INFO -    Total Records: 116,030
2025-11-09 22:00:54,335 - INFO -    Matched: 11,371 (9.8%)
2025-11-09 22:00:54,335 - INFO -    Unmatched: 104,659
2025-11-09 22:00:54,335 - INFO - 
💰 FINANCIAL:
2025-11-09 22:00:54,335 - INFO -    Billed: $842,445,681.11
2025-11-09 22:00:54,335 - INFO -    Paid: $5,733,999.99
2025-11-09 22:00:54,335 - INFO -    Variance: $836,711,681.12
2025-11-09 22:00:54,335 - INFO - 
📥 AUTO-GENERATED:
2025-11-09 22:00:54,335 - INFO -    Suggested Accruals: 104,659
2025-11-09 22:00:54,335 - INFO - ================================================================================
