2025-11-10 21:15:01,917 - INFO - ================================================================================
2025-11-10 21:15:01,917 - INFO - 🚀 PHASE 5 FINAL - COMPLETE (ALL 3 STRATEGIES)
2025-11-10 21:15:01,918 - INFO -    Date/Time: 2025-11-11 02:15:01 UTC
2025-11-10 21:15:01,918 - INFO -    Fix: Added back Fuzzy Match + Amount Proximity strategies
2025-11-10 21:15:01,918 - INFO - ================================================================================
2025-11-10 21:15:01,918 - INFO - 
📂 Loading files...
2025-11-10 21:15:15,573 - INFO -   ✅ Loaded: 113,393 pivot, 42 accrual, 2,637 billable
2025-11-10 21:15:15,574 - INFO - 
🔧 Normalizing...
2025-11-10 21:15:15,666 - INFO -   ✅ Done
2025-11-10 21:15:15,683 - INFO - 
🎯 Matching (ALL 3 STRATEGIES)...
2025-11-10 21:15:15,740 - INFO -   [1/3] Exact ID Match...
2025-11-10 21:15:34,628 - INFO -     ✅ 9,600
2025-11-10 21:15:34,629 - INFO -   [2/3] Fuzzy Name Match (80%+)...
2025-11-10 21:17:29,232 - INFO -     ✅ 1,771
2025-11-10 21:17:29,233 - INFO -   [3/3] Amount Proximity (15%)...
2025-11-10 21:19:20,107 - INFO -     ✅ 0
2025-11-10 21:19:20,163 - INFO -     ────────────────
2025-11-10 21:19:20,163 - INFO -     TOTAL: 11,371
2025-11-10 21:19:20,410 - INFO - 
📊 GENERATING PRODUCTION EXCEL WORKBOOK
2025-11-10 21:19:20,410 - INFO - ================================================================================
2025-11-10 21:19:20,413 - INFO - 📋 Tab 1: Executive Summary...
2025-11-10 21:19:20,437 - INFO - 📋 Tab 2: Matched Records...
2025-11-10 21:19:20,904 - INFO - 📋 Tab 3: Unmatched Pivot...
2025-11-10 21:19:23,274 - INFO - 📋 Tab 4: Unmatched Accrual...
2025-11-10 21:19:23,275 - INFO - 📋 Tab 5: Auto-Accruals...
2025-11-10 21:19:26,188 - INFO - 📋 Tab 6: Vendor Summary...
2025-11-10 21:19:26,211 - INFO - 📋 Tab 7: Audit Trail...
2025-11-10 21:19:35,250 - INFO - ✅ Workbook: Phase5_Reconciliation_Report_may_2025_11.10.2025.xlsx
2025-11-10 21:19:35,250 - INFO - ================================================================================
2025-11-10 21:19:35,250 - INFO - 
================================================================================
2025-11-10 21:19:35,250 - INFO - ✅ PHASE 5 FINAL COMPLETE (ALL STRATEGIES)
2025-11-10 21:19:35,250 - INFO - ================================================================================
2025-11-10 21:19:35,251 - INFO - 
📊 RESULTS:
2025-11-10 21:19:35,251 - INFO -    Match Rate: 9.8% ✅ RESTORED
2025-11-10 21:19:35,251 - INFO -    Matched: 11,371 / 116,030
2025-11-10 21:19:35,251 - INFO -    Variance: $349,385,200.63
2025-11-10 21:19:35,251 - INFO - 
✨ Status: PRODUCTION READY
