2025-11-10 15:50:57,130 - INFO - 
⚙️ LOADING CONFIGURATION
2025-11-10 15:50:57,130 - INFO - ================================================================================
2025-11-10 15:50:57,130 - INFO - ✅ Config loaded: config/variance_thresholds.yaml
2025-11-10 15:50:57,130 - INFO - ================================================================================
2025-11-10 15:50:57,130 - INFO - 🚀 PHASE 5 - FINAL PRODUCTION SYSTEM
2025-11-10 15:50:57,130 - INFO -    Date/Time: 2025-11-10 20:50:57 UTC
2025-11-10 15:50:57,130 - INFO -    User: ravitejavavilala07-source
2025-11-10 15:50:57,130 - INFO -    Month: MAY 2025
2025-11-10 15:50:57,130 - INFO - ================================================================================
2025-11-10 15:50:57,130 - INFO - 
📂 Loading files...
2025-11-10 15:51:10,526 - INFO -   ✅ Loaded: 113,393 pivot, 42 accrual, 2,637 billable
2025-11-10 15:51:10,637 - INFO - 
🎯 MATCHING WITH CONFIGURABLE THRESHOLDS
2025-11-10 15:51:10,637 - INFO - ================================================================================
2025-11-10 15:51:10,637 - INFO - 📋 Active Thresholds:
2025-11-10 15:51:10,637 - INFO -    Fuzzy Match: 80%
2025-11-10 15:51:10,637 - INFO -    Amount Tolerance: 15%
2025-11-10 15:51:10,700 - INFO - 
[1/3] Exact ID Match...
2025-11-10 15:51:27,050 - INFO -   ✅ 0
2025-11-10 15:51:27,052 - INFO - 
[2/3] Fuzzy Name Match (80%+)...
2025-11-10 15:53:34,898 - INFO -   ✅ 11,267
2025-11-10 15:53:34,901 - INFO - 
[3/3] Amount Proximity (15% tolerance)...
2025-11-10 15:55:25,720 - INFO -   ✅ 0
2025-11-10 15:55:25,813 - INFO - 
📊 MATCHING RESULTS:
2025-11-10 15:55:25,813 - INFO -   Total Matched: 11,267 (9.7%)
2025-11-10 15:55:25,813 - INFO -   Improvement: +-0.1pp from baseline
2025-11-10 15:55:25,813 - INFO - ================================================================================
2025-11-10 15:55:25,878 - INFO - 
📊 MULTI-MONTH SERVICE PERIOD GROUPING
2025-11-10 15:55:25,878 - INFO - ================================================================================
2025-11-10 15:55:25,978 - INFO - ✅ Groups: 768
2025-11-10 15:55:25,978 - INFO - ✅ Top 5 by Variance:
2025-11-10 15:55:25,979 - INFO -    • Unknown | nan: $627,533,761 (🔴 CRITICAL)
2025-11-10 15:55:25,979 - INFO -    • Unknown | Infosys: $8,458,978 (🔴 CRITICAL)
2025-11-10 15:55:25,979 - INFO -    • Unknown | Inter-American Development Bank: $3,075,233 (🔴 CRITICAL)
2025-11-10 15:55:25,979 - INFO -    • Unknown | Infosys Limited: $2,913,374 (🔴 CRITICAL)
2025-11-10 15:55:25,979 - INFO -    • Unknown | IDC Technologies: $1,811,922 (🔴 CRITICAL)
2025-11-10 15:55:25,979 - INFO - ================================================================================
2025-11-10 15:56:40,266 - INFO - ✅ Report: Phase5_Report_11.10.2025_155525.xlsx
2025-11-10 15:56:40,284 - INFO - 
================================================================================
2025-11-10 15:56:40,284 - INFO - ✅ PHASE 5 COMPLETE - PRODUCTION READY
2025-11-10 15:56:40,284 - INFO - ================================================================================
2025-11-10 15:56:40,284 - INFO - 
📊 RESULTS:
2025-11-10 15:56:40,284 - INFO -    Match Rate: 9.7% (target 20-30%)
2025-11-10 15:56:40,284 - INFO -    Matched: 11,267 / 116,030
2025-11-10 15:56:40,284 - INFO -    Service Month Groups: 768
2025-11-10 15:56:40,284 - INFO - 
✨ FEATURES:
2025-11-10 15:56:40,284 - INFO -    ✅ Feature 1: Real QB Memo Integration
2025-11-10 15:56:40,284 - INFO -    ✅ Feature 2: Multi-Month Grouping (Service Month + Vendor)
2025-11-10 15:56:40,284 - INFO -    ✅ Feature 3: Configurable Thresholds (YAML)
2025-11-10 15:56:40,284 - INFO - 
📋 CONFIG FILE:
2025-11-10 15:56:40,284 - INFO -    config/variance_thresholds.yaml
2025-11-10 15:56:40,284 - INFO -    → Finance team can edit without code changes
2025-11-10 15:56:40,284 - INFO - ================================================================================
