2025-11-10 15:35:52,873 - INFO - ================================================================================
2025-11-10 15:35:52,873 - INFO - 🚀 PHASE 4 - ADVANCED ENHANCEMENTS (FIXED)
2025-11-10 15:35:52,873 - INFO -    Date/Time: 2025-11-10 20:35:52 UTC
2025-11-10 15:35:52,873 - INFO -    User: ravitejavavilala07-source
2025-11-10 15:35:52,873 - INFO -    Month: MAY 2025
2025-11-10 15:35:52,874 - INFO - ================================================================================
2025-11-10 15:35:52,874 - INFO - 
📂 Loading files...
2025-11-10 15:36:06,063 - INFO -   ✅ Loaded: 113,393 pivot, 42 accrual, 2,637 billable
2025-11-10 15:36:06,173 - INFO - 
✨ ENHANCEMENT 1: ADVANCED QB MEMO PARSING
2025-11-10 15:36:06,173 - INFO - ================================================================================
2025-11-10 15:36:06,173 - INFO - No memos to parse
2025-11-10 15:36:06,173 - INFO - 
🎯 ENHANCEMENT 2: TUNED MATCHING THRESHOLDS (9.8% → 20-30%)
2025-11-10 15:36:06,173 - INFO - ================================================================================
2025-11-10 15:36:06,230 - INFO - 
[1/4] Exact ID Match (100% confidence)...
2025-11-10 15:36:22,037 - INFO -   ✅ 0
2025-11-10 15:36:22,038 - INFO - 
[2/4] Fuzzy Name Match (80%+ threshold - TUNED)...
2025-11-10 15:38:25,765 - INFO -   ✅ 11,267
2025-11-10 15:38:25,766 - INFO - 
[3/4] Amount Proximity Match (15% tolerance - TUNED)...
2025-11-10 15:40:15,261 - INFO -   ✅ 0
2025-11-10 15:40:15,262 - INFO - 
[4/4] Vendor-Based Matching (NEW STRATEGY)...
2025-11-10 15:42:16,268 - INFO -   ✅ 663
2025-11-10 15:42:16,335 - INFO - 
📊 TUNED MATCHING RESULTS:
2025-11-10 15:42:16,335 - INFO -   Total Matched: 11,930 (10.3%)
2025-11-10 15:42:16,335 - INFO -   Improvement: +0.5pp (from baseline 9.8%)
2025-11-10 15:42:16,335 - INFO -   Target Range: 20-30%
2025-11-10 15:42:16,335 - INFO - ================================================================================
2025-11-10 15:42:16,372 - INFO - 
📊 ENHANCEMENT 3: VENDOR VISUALIZATION & HEATMAP
2025-11-10 15:42:16,372 - INFO - ================================================================================
2025-11-10 15:42:16,462 - INFO -   ✅ Analyzed 768 vendors
2025-11-10 15:42:16,462 - INFO -   ✅ Top 5 vendors by variance:
2025-11-10 15:42:16,463 - INFO -      • nan: $627,533,761 (100.0% variance)
2025-11-10 15:42:16,463 - INFO -      • Infosys: $8,458,978 (100.0% variance)
2025-11-10 15:42:16,463 - INFO -      • Inter-American Development Bank: $3,075,233 (100.0% variance)
2025-11-10 15:42:16,463 - INFO -      • Infosys Limited: $2,913,374 (100.0% variance)
2025-11-10 15:42:16,463 - INFO -      • IDC Technologies: $1,811,922 (100.0% variance)
2025-11-10 15:42:16,617 - INFO -   ✅ Heatmap created: Vendor_Heatmap_11.10.2025.xlsx
2025-11-10 15:42:16,617 - INFO - ================================================================================
2025-11-10 15:43:26,793 - INFO - ✅ Report: Phase4_Complete_Report_11.10.2025_154216.xlsx
2025-11-10 15:43:26,816 - INFO - 
================================================================================
2025-11-10 15:43:26,816 - INFO - ✅ PHASE 4 COMPLETE - ADVANCED ENHANCEMENTS APPLIED
2025-11-10 15:43:26,816 - INFO - ================================================================================
2025-11-10 15:43:26,816 - INFO - 
📊 FINAL RESULTS:
2025-11-10 15:43:26,817 - INFO -    Total Records: 116,030
2025-11-10 15:43:26,817 - INFO -    ✅ Matched: 11,930 (10.3%)
2025-11-10 15:43:26,817 - INFO -    Target Range: 20-30% (vs baseline 9.8%)
2025-11-10 15:43:26,817 - INFO - 
✨ ENHANCEMENTS APPLIED:
2025-11-10 15:43:26,817 - INFO -    ✅ Enhancement 1: Advanced QB Memo Parsing
2025-11-10 15:43:26,817 - INFO -    ✅ Enhancement 2: Tuned Matching Thresholds
2025-11-10 15:43:26,817 - INFO -    ✅ Enhancement 3: Vendor Visualization Heatmap
2025-11-10 15:43:26,817 - INFO - ================================================================================
