2025-11-10 10:56:00,154 - INFO - ================================================================================
2025-11-10 10:56:00,154 - INFO - 🚀 PHASE 2 PRODUCTION SUITE - MAY 2025
2025-11-10 10:56:00,154 - INFO - ================================================================================
2025-11-10 10:56:00,154 - INFO - 
📋 ALL 4 PRIORITIES ENABLED:
2025-11-10 10:56:00,154 - INFO -    [✅] Priority 1: QB Memo Parser
2025-11-10 10:56:00,154 - INFO -    [✅] Priority 2: Enhanced Matching (5-strategy)
2025-11-10 10:56:00,154 - INFO -    [✅] Priority 3: Variance Calculations
2025-11-10 10:56:00,154 - INFO -    [✅] Priority 4: Feedback Loop
2025-11-10 10:56:00,154 - INFO - ================================================================================
2025-11-10 10:56:00,154 - INFO - 
[STEP 1/7] Loading source files...
2025-11-10 10:56:13,275 - INFO -   ✅ Pivot: 113,393
2025-11-10 10:56:13,276 - INFO -   ✅ Accrual: 42
2025-11-10 10:56:13,276 - INFO -   ✅ Billable: 2,637
2025-11-10 10:56:13,276 - INFO - 
[STEP 2/7] Normalizing data...
2025-11-10 10:56:13,320 - INFO -   ✅ Accrual has applicant_number: 42
2025-11-10 10:56:13,322 - INFO -   ✅ Normalization complete
2025-11-10 10:56:13,327 - INFO - 
[STEP 3/7] PRIORITY 1 - Parsing QB memos...
2025-11-10 10:56:13,327 - INFO -   ⚠️ No memo column found
2025-11-10 10:56:13,328 - INFO - 
[STEP 4/7] Combining transaction sources...
2025-11-10 10:56:13,345 - INFO -   ✅ Combined: 116,030
2025-11-10 10:56:13,345 - INFO - 
[STEP 5/7] PRIORITY 2 - Enhanced 5-strategy matching...
2025-11-10 10:56:13,403 - INFO - 
🔄 RUNNING 5-STRATEGY MATCHING ENGINE...
2025-11-10 10:56:13,423 - INFO -   [1/5] Exact ID...
2025-11-10 10:56:16,995 - INFO -        ✅ 10,028
2025-11-10 10:56:16,995 - INFO -   [2/5] ID + Vendor...
2025-11-10 10:56:31,119 - INFO -        ✅ 0
2025-11-10 10:56:31,120 - INFO -   [3/5] ID + Month...
2025-11-10 10:56:45,246 - INFO -        ✅ 0
2025-11-10 10:56:45,247 - INFO -   [4/5] Fuzzy Name...
2025-11-10 10:58:38,189 - INFO -        ✅ 1,343
2025-11-10 10:58:38,189 - INFO -   [5/5] Amount Proximity...
2025-11-10 11:00:28,825 - INFO -        ✅ 0
2025-11-10 11:00:28,832 - INFO - 
📊 Total Matched: 11,371 (9.8%)
2025-11-10 11:00:28,842 - INFO - 
[STEP 6/7] PRIORITY 3 - Calculating variances...
2025-11-10 11:00:28,842 - INFO - 
📊 CALCULATING VARIANCES...
2025-11-10 11:00:29,929 - INFO -   ✅ Variance calculated for 116,030 records
2025-11-10 11:00:29,929 - INFO - 
[STEP 7/7] PRIORITY 4 - Setting up feedback loop...
2025-11-10 11:00:29,965 - INFO - 
🔄 GENERATING ACCRUAL SUGGESTIONS...
2025-11-10 11:00:30,387 - INFO -   ✅ Generated 104,659 suggestions
2025-11-10 11:00:30,408 - INFO - 
📊 Generating comprehensive reports...
2025-11-10 11:01:55,764 - INFO -   ✅ Report: Phase2_Complete_Report_11.10.2025.xlsx
2025-11-10 11:01:55,807 - INFO - 
================================================================================
2025-11-10 11:01:55,807 - INFO - ✅ PHASE 2 COMPLETE - ALL PRIORITIES EXECUTED
2025-11-10 11:01:55,807 - INFO - ================================================================================
2025-11-10 11:01:55,807 - INFO - 
📊 FINAL RESULTS:
2025-11-10 11:01:55,807 - INFO -    Total Records: 116,030
2025-11-10 11:01:55,807 - INFO -    ✅ Matched: 11,371 (9.8%)
2025-11-10 11:01:55,807 - INFO -    ❌ Unmatched: 104,659
2025-11-10 11:01:55,807 - INFO - 
💰 FINANCIAL METRICS:
2025-11-10 11:01:55,809 - INFO -    Total Billed: $842,445,681.11
2025-11-10 11:01:55,809 - INFO -    Total Accrued: $487,326,480.49
2025-11-10 11:01:55,809 - INFO -    Total Variance: $355,119,200.62
2025-11-10 11:01:55,809 - INFO - 
📥 AUTO-ACCRUAL SUGGESTIONS:
2025-11-10 11:01:55,809 - INFO -    Generated: 104,659
2025-11-10 11:01:55,809 - INFO -    File: Accrual_Suggestions_may_2025.csv
2025-11-10 11:01:55,809 - INFO - 
✨ STATUS: PRODUCTION READY FOR MONTHLY DEPLOYMENT
2025-11-10 11:01:55,810 - INFO - ================================================================================
