2025-11-10 21:06:35,221 - INFO - ================================================================================
2025-11-10 21:06:35,221 - INFO - 🚀 PHASE 5 FINAL - CORRECTED VERSION
2025-11-10 21:06:35,222 - INFO -    Date/Time: 2025-11-11 02:06:35 UTC
2025-11-10 21:06:35,222 - INFO -    User: ravitejavavilala07-source
2025-11-10 21:06:35,222 - INFO -    Fix: Normalize accrual BEFORE matching
2025-11-10 21:06:35,222 - INFO - ================================================================================
2025-11-10 21:06:35,222 - INFO - 
📂 Loading files...
2025-11-10 21:06:48,370 - INFO -   ✅ Loaded: 113,393 pivot, 42 accrual, 2,637 billable
2025-11-10 21:06:48,370 - INFO - 
🔧 Normalizing data...
2025-11-10 21:06:48,462 - INFO -   ✅ Normalized
2025-11-10 21:06:48,462 - INFO - 
📦 Combining sources...
2025-11-10 21:06:48,479 - INFO -   ✅ Combined: 116,030
2025-11-10 21:06:48,479 - INFO - 
🎯 Matching records...
2025-11-10 21:06:48,541 - INFO -   [1/1] Exact ID Match...
2025-11-10 21:07:05,869 - INFO -     ✅ 9,600
2025-11-10 21:07:06,098 - INFO - 
📊 GENERATING PRODUCTION EXCEL WORKBOOK (CORRECTED)
2025-11-10 21:07:06,098 - INFO - ================================================================================
2025-11-10 21:07:06,100 - INFO - 📋 Tab 1: Executive Summary...
2025-11-10 21:07:06,122 - INFO - 📋 Tab 2: Matched Records...
2025-11-10 21:07:06,509 - INFO - 📋 Tab 3: Unmatched Pivot...
2025-11-10 21:07:08,916 - INFO - 📋 Tab 4: Unmatched Accrual...
2025-11-10 21:07:08,917 - INFO - 📋 Tab 5: Auto-Accruals...
2025-11-10 21:07:11,863 - INFO - 📋 Tab 6: Vendor Summary...
2025-11-10 21:07:11,885 - INFO - 📋 Tab 7: Audit Trail...
2025-11-10 21:07:21,081 - INFO - ✅ Workbook created: Phase5_Reconciliation_Report_may_2025_11.10.2025.xlsx
2025-11-10 21:07:21,082 - INFO - ================================================================================
2025-11-10 21:07:21,082 - INFO - 
================================================================================
2025-11-10 21:07:21,082 - INFO - ✅ PHASE 5 FINAL CORRECTED - COMPLETE
2025-11-10 21:07:21,082 - INFO - ================================================================================
2025-11-10 21:07:21,082 - INFO - 
📊 RESULTS (FIXED):
2025-11-10 21:07:21,082 - INFO -    Match Rate: 8.3% (RESTORED)
2025-11-10 21:07:21,082 - INFO -    Matched: 9,600 / 116,030
2025-11-10 21:07:21,082 - INFO -    Variance: $376,583,098.45
2025-11-10 21:07:21,082 - INFO - 
✅ Status: PRODUCTION READY
