2025-11-10 20:53:47,947 - INFO - ================================================================================
2025-11-10 20:53:47,947 - INFO - 🚀 PHASE 5 - FINAL PRODUCTION SYSTEM
2025-11-10 20:53:47,947 - INFO -    Date/Time: 2025-11-11 01:53:47 UTC
2025-11-10 20:53:47,948 - INFO -    User: ravitejavavilala07-source
2025-11-10 20:53:47,948 - INFO -    Month: MAY 2025
2025-11-10 20:53:47,948 - INFO - ================================================================================
2025-11-10 20:53:47,948 - INFO - 
📂 Loading files...
2025-11-10 20:54:01,317 - INFO -   ✅ Loaded: 113,393 pivot, 42 accrual, 2,637 billable
2025-11-10 20:54:17,797 - INFO - 
📊 GENERATING PRODUCTION EXCEL WORKBOOK
2025-11-10 20:54:17,797 - INFO - ================================================================================
2025-11-10 20:54:17,799 - INFO - 📋 Creating Tab 1: Executive Summary...
2025-11-10 20:54:17,815 - INFO - 📋 Creating Tab 2: Matched Records...
2025-11-10 20:54:17,822 - INFO - 📋 Creating Tab 3: Unmatched Pivot (Billing Only)...
2025-11-10 20:54:20,929 - INFO - 📋 Creating Tab 4: Unmatched Accrual (Payables Only)...
2025-11-10 20:54:20,930 - INFO - 📋 Creating Tab 5: Auto-Accrual Suggestions...
2025-11-10 20:54:24,784 - INFO - 📋 Creating Tab 6: Vendor Summary...
2025-11-10 20:54:24,850 - INFO - 📋 Creating Tab 7: Audit Trail...
2025-11-10 20:54:36,104 - INFO - ✅ Workbook created: Phase5_Reconciliation_Report_may_2025_11.10.2025.xlsx
2025-11-10 20:54:36,105 - INFO - ================================================================================
2025-11-10 20:54:36,105 - INFO - 
================================================================================
2025-11-10 20:54:36,105 - INFO - ✅ PHASE 5 COMPLETE - PRODUCTION WORKBOOK READY
2025-11-10 20:54:36,105 - INFO - ================================================================================
2025-11-10 20:54:36,105 - INFO - 
📊 RESULTS:
2025-11-10 20:54:36,105 - INFO -    Match Rate: 0.0%
2025-11-10 20:54:36,105 - INFO -    Matched: 0 / 116,030
2025-11-10 20:54:36,106 - INFO -    Variance: $836,711,681.12
2025-11-10 20:54:36,106 - INFO - 
📋 EXCEL WORKBOOK (7 TABS):
2025-11-10 20:54:36,106 - INFO -    ✅ Tab 1: Executive Summary (KPI Dashboard)
2025-11-10 20:54:36,106 - INFO -    ✅ Tab 2: Matched Records (0 rows)
2025-11-10 20:54:36,106 - INFO -    ✅ Tab 3: Unmatched Pivot (116,030 rows)
2025-11-10 20:54:36,106 - INFO -    ✅ Tab 4: Unmatched Accrual (0 rows)
2025-11-10 20:54:36,106 - INFO -    ✅ Tab 5: Auto-Accrual Suggestions (116,030 rows)
2025-11-10 20:54:36,106 - INFO -    ✅ Tab 6: Vendor Summary (768 vendors)
2025-11-10 20:54:36,106 - INFO -    ✅ Tab 7: Audit Trail (Validation log)
2025-11-10 20:54:36,106 - INFO - 
📁 FILE:
2025-11-10 20:54:36,106 - INFO -    Phase5_Reconciliation_Report_may_2025_11.10.2025.xlsx
2025-11-10 20:54:36,106 - INFO - ================================================================================
