2025-11-08 22:21:42,162 - INFO - ================================================================================
2025-11-08 22:21:42,162 - INFO - SIMPLE RECONCILIATION PIPELINE - MAY 2025
2025-11-08 22:21:42,162 - INFO - ================================================================================
2025-11-08 22:21:42,162 - INFO - 
[STEP 1/3] Loading input files...
2025-11-08 22:21:42,162 - INFO - ================================================================================
2025-11-08 22:21:42,162 - INFO - LOADING ALL MAY 2025 INPUT FILES
2025-11-08 22:21:42,163 - INFO - ================================================================================
2025-11-08 22:21:42,163 - INFO - Loading Pivot Table...
2025-11-08 22:21:54,471 - INFO - ✅ Loaded 113,393 records from Pivot Table
2025-11-08 22:21:54,471 - INFO - Loading Accrual Workbook...
2025-11-08 22:21:55,437 - INFO - ✅ Loaded Accrual data:
2025-11-08 22:21:55,437 - INFO -    - Accrual: 37 consultants
2025-11-08 22:21:55,437 - INFO -    - Tracker: 110 transactions
2025-11-08 22:21:55,437 - INFO -    - YTD Billing: 2,637 records
2025-11-08 22:21:55,437 - INFO - ================================================================================
2025-11-08 22:21:55,437 - INFO - ✅ ALL FILES LOADED SUCCESSFULLY
2025-11-08 22:21:55,437 - INFO - ================================================================================
2025-11-08 22:21:55,437 - INFO - 
[STEP 2/3] Reconciling...
2025-11-08 22:21:55,437 - INFO - Starting simple reconciliation...
2025-11-08 22:21:55,437 - ERROR - ❌ Pipeline failed: 'APPL_ID'
Traceback (most recent call last):
  File "/Users/ravitejavavilala/smartworks_accrual/subcontractor/scripts/run_pipeline_simple.py", line 44, in run_pipeline
    reconciled_df = reconciler.reconcile()
                    ^^^^^^^^^^^^^^^^^^^^^^
  File "/Users/ravitejavavilala/smartworks_accrual/subcontractor/scripts/reconciler_simple.py", line 26, in reconcile
    pivot_consultants = self.pivot.groupby('APPL_ID').agg({
                        ^^^^^^^^^^^^^^^^^^^^^^^^^^^^^
  File "/Users/ravitejavavilala/smartworks_accrual/venv/lib/python3.11/site-packages/pandas/core/frame.py", line 8252, in groupby
    return DataFrameGroupBy(
           ^^^^^^^^^^^^^^^^^
  File "/Users/ravitejavavilala/smartworks_accrual/venv/lib/python3.11/site-packages/pandas/core/groupby/groupby.py", line 931, in __init__
    grouper, exclusions, obj = get_grouper(
                               ^^^^^^^^^^^^
  File "/Users/ravitejavavilala/smartworks_accrual/venv/lib/python3.11/site-packages/pandas/core/groupby/grouper.py", line 985, in get_grouper
    raise KeyError(gpr)
KeyError: 'APPL_ID'
