2025-11-08 23:34:07,580 - INFO - ================================================================================
2025-11-08 23:34:07,580 - INFO - 🚀 FIXED RECONCILIATION PIPELINE - MAY 2025
2025-11-08 23:34:07,580 - INFO - ================================================================================
2025-11-08 23:34:07,580 - INFO - 
[STEP 1/3] Loading input files (FIXED)...
2025-11-08 23:34:07,580 - INFO - ================================================================================
2025-11-08 23:34:07,580 - INFO - LOADING ALL INPUT FILES (FIXED VERSION)
2025-11-08 23:34:07,580 - INFO - ================================================================================
2025-11-08 23:34:07,580 - INFO - Loading Pivot Table...
2025-11-08 23:34:19,945 - INFO - ✅ Loaded 113,387 records from Pivot Table
2025-11-08 23:34:19,946 - INFO -    Unique applicant numbers: 876
2025-11-08 23:34:19,946 - INFO - Loading Accrual Workbook...
2025-11-08 23:34:20,014 - INFO -    Raw Accrual columns: ['Employee', 'Ultra-Staff Applicant     Number', '12/31/2024 Accrued Payroll per Audit', 'Corrections & Adjustments to C/F', 'Accrued Beginning @ 01/01/2024']...
2025-11-08 23:34:20,014 - INFO -    Found applicant column: 'Ultra-Staff Applicant     Number'
2025-11-08 23:34:20,016 - ERROR - ❌ Pipeline failed: argument of type 'datetime.datetime' is not iterable
Traceback (most recent call last):
  File "/Users/ravitejavavilala/smartworks_accrual/subcontractor/scripts/pipeline_fixed.py", line 38, in run_pipeline
    data = loader.load_all_files()
           ^^^^^^^^^^^^^^^^^^^^^^^
  File "/Users/ravitejavavilala/smartworks_accrual/subcontractor/scripts/load_files_fixed.py", line 206, in load_all_files
    accrual, tracker, ytd_billing = self.load_accrual_workbook()
                                    ^^^^^^^^^^^^^^^^^^^^^^^^^^^^
  File "/Users/ravitejavavilala/smartworks_accrual/subcontractor/scripts/load_files_fixed.py", line 73, in load_accrual_workbook
    accrual = self._load_accrual_sheet(str(file_path))
              ^^^^^^^^^^^^^^^^^^^^^^^^^^^^^^^^^^^^^^^^
  File "/Users/ravitejavavilala/smartworks_accrual/subcontractor/scripts/load_files_fixed.py", line 122, in _load_accrual_sheet
    if 'YTD Hours per Sub Tracker' in col:
       ^^^^^^^^^^^^^^^^^^^^^^^^^^^^^^^^^^
TypeError: argument of type 'datetime.datetime' is not iterable
