2025-11-08 22:41:51,503 - INFO - ================================================================================
2025-11-08 22:41:51,503 - INFO - 🚀 PRODUCTION RECONCILIATION PIPELINE - MAY 2025
2025-11-08 22:41:51,503 - INFO - ================================================================================
2025-11-08 22:41:51,503 - INFO - 
[STEP 1/3] Loading input files...
2025-11-08 22:41:51,503 - INFO - ================================================================================
2025-11-08 22:41:51,503 - INFO - LOADING ALL MAY 2025 INPUT FILES
2025-11-08 22:41:51,503 - INFO - ================================================================================
2025-11-08 22:41:51,503 - INFO - Loading Pivot Table...
2025-11-08 22:42:04,036 - INFO - ✅ Loaded 113,393 records from Pivot Table
2025-11-08 22:42:04,036 - INFO - Loading Accrual Workbook...
2025-11-08 22:42:05,016 - INFO - ✅ Loaded Accrual data:
2025-11-08 22:42:05,017 - INFO -    - Accrual: 37 consultants
2025-11-08 22:42:05,017 - INFO -    - Tracker: 110 transactions
2025-11-08 22:42:05,017 - INFO -    - YTD Billing: 2,637 records
2025-11-08 22:42:05,017 - INFO - ================================================================================
2025-11-08 22:42:05,017 - INFO - ✅ ALL FILES LOADED SUCCESSFULLY
2025-11-08 22:42:05,017 - INFO - ================================================================================
2025-11-08 22:42:05,017 - INFO - ✅ Pivot: 113,393 records
2025-11-08 22:42:05,017 - INFO - ✅ Accrual: 37 records
2025-11-08 22:42:05,017 - INFO - 
[STEP 2/3] Performing reconciliation...
2025-11-08 22:42:05,017 - INFO - Starting production reconciliation...
2025-11-08 22:42:05,090 - INFO - ✅ Pivot: 876 unique consultants
2025-11-08 22:42:05,092 - INFO - ✅ Accrual: 37 consultants
2025-11-08 22:42:05,104 - INFO - ✅ Reconciliation complete: 876 records
2025-11-08 22:42:05,104 - INFO -    - Matched: 0
2025-11-08 22:42:05,104 - INFO -    - Unmatched: 839
2025-11-08 22:42:05,104 - INFO -    - Total Variance: $208,405,053.87
2025-11-08 22:42:05,107 - INFO - 
[STEP 3/3] Generating professional report...
2025-11-08 22:42:05,107 - INFO - Generating professional report: Subcontractor_Accrual_Reconciliation_11.08.2025.xlsx
2025-11-08 22:42:05,111 - INFO - ✅ Tab 1: Executive Summary
2025-11-08 22:42:05,158 - INFO - ✅ Tab 2: Reconciliation Details (876 rows)
2025-11-08 22:42:05,184 - INFO - ✅ Tab 3: Vendor Summary (343 vendors)
2025-11-08 22:42:05,268 - INFO - ✅ Report saved to: data/output/may_2025/Subcontractor_Accrual_Reconciliation_11.08.2025.xlsx
2025-11-08 22:42:05,268 - INFO - 
================================================================================
2025-11-08 22:42:05,268 - INFO - ✅ PIPELINE COMPLETE - PROFESSIONAL REPORT GENERATED
2025-11-08 22:42:05,268 - INFO - ================================================================================
2025-11-08 22:42:05,268 - INFO - 
📊 Summary Metrics:
2025-11-08 22:42:05,268 - INFO -    Total Records: 876
2025-11-08 22:42:05,268 - INFO -    Matched: 0 (0.0%)
2025-11-08 22:42:05,268 - INFO -    Unmatched: 839
2025-11-08 22:42:05,268 - INFO - 
💰 Financial Summary:
2025-11-08 22:42:05,268 - INFO -    Total Billed: $209,177,920.28
2025-11-08 22:42:05,268 - INFO -    Total Paid: $772,866.41
2025-11-08 22:42:05,268 - INFO -    Total Variance: $208,405,053.87
2025-11-08 22:42:05,268 - INFO - 
📁 Report Location: data/output/may_2025/Subcontractor_Accrual_Reconciliation_11.08.2025.xlsx
2025-11-08 22:42:05,268 - INFO - ================================================================================
