2025-11-10 15:13:33,903 - INFO - ================================================================================
2025-11-10 15:13:33,903 - INFO - 🚀 PRODUCTION SYSTEM - FINAL COMPLETE VERSION
2025-11-10 15:13:33,904 - INFO -    Date/Time: 2025-11-10 20:13:33 UTC
2025-11-10 15:13:33,904 - INFO -    User: ravitejavavilala07-source
2025-11-10 15:13:33,904 - INFO -    Month: MAY 2025
2025-11-10 15:13:33,904 - INFO - ================================================================================
2025-11-10 15:13:33,904 - INFO - 
📂 Loading source files...
2025-11-10 15:13:47,436 - INFO -   ✅ Pivot: 113,393 records
2025-11-10 15:13:47,436 - INFO -   ✅ Accrual: 42 records
2025-11-10 15:13:47,436 - INFO -   ✅ Billable: 2,637 records
2025-11-10 15:13:47,438 - INFO - 
⚙️ STEP 2: DATA NORMALIZATION & EXPLICIT NUMERIC CASTING
2025-11-10 15:13:47,438 - INFO - ================================================================================
2025-11-10 15:13:47,627 - INFO -   ✅ Pivot: 113,393 records normalized
2025-11-10 15:13:47,627 - INFO -   ✅ Accrual: 42 records normalized
2025-11-10 15:13:47,627 - INFO -   ✅ Billable: 2,637 records normalized
2025-11-10 15:13:47,627 - INFO -   ✅ Explicit numeric types applied (np.int64, np.float64)
2025-11-10 15:13:47,627 - INFO - ================================================================================
2025-11-10 15:13:47,633 - INFO - 
📦 Combining transaction sources...
2025-11-10 15:13:47,661 - INFO -   ✅ Combined: 116,030 records
2025-11-10 15:13:47,661 - INFO - 
🔄 STEP 3: 5-STRATEGY MATCHING ENGINE
2025-11-10 15:13:47,661 - INFO - ================================================================================
2025-11-10 15:13:47,729 - INFO - 
[1/5] Exact ID Match...
2025-11-10 15:14:03,547 - INFO -   ✅ 10,028
2025-11-10 15:14:03,547 - INFO - 
[2/5] Fuzzy Name Match (85%+)...
2025-11-10 15:15:53,128 - INFO -   ✅ 1,343
2025-11-10 15:15:53,129 - INFO - 
[3/5] Amount Proximity Match...
2025-11-10 15:17:43,842 - INFO -   ✅ 0
2025-11-10 15:17:43,919 - INFO - 
📊 MATCHING SUMMARY:
2025-11-10 15:17:43,919 - INFO -   Total Matched: 11,371 (9.8%)
2025-11-10 15:17:43,919 - INFO - ================================================================================
2025-11-10 15:17:44,010 - INFO - 
📊 STEP 4: VENDOR-LEVEL AGGREGATION & SUMMARY
2025-11-10 15:17:44,010 - INFO - ================================================================================
2025-11-10 15:17:44,010 - INFO - Aggregating by vendor + service month...
2025-11-10 15:17:44,108 - INFO -   ✅ Analyzed: 768 vendors
2025-11-10 15:17:44,108 - INFO -   ✅ Critical variances: 717
2025-11-10 15:17:44,108 - INFO -   ✅ High variances: 24
2025-11-10 15:17:44,108 - INFO - ================================================================================
2025-11-10 15:17:44,108 - INFO - 
📥 STEP 5: AUTO-ACCRUAL GENERATION (QB-READY)
2025-11-10 15:17:44,108 - INFO - ================================================================================
2025-11-10 15:17:44,257 - INFO -   ✅ Generated: 104,659 auto-accrual entries
2025-11-10 15:17:44,257 - INFO -   ✅ Ready for QB upload
2025-11-10 15:17:44,257 - INFO - ================================================================================
2025-11-10 15:19:19,878 - INFO - 
📄 Reports Generated:
2025-11-10 15:19:19,880 - INFO -   ✅ Excel: Production_Report_11.10.2025_151744.xlsx
2025-11-10 15:19:20,425 - INFO -   ✅ CSV: Auto_Accruals_11.10.2025_151744.csv
2025-11-10 15:19:20,440 - INFO - 
================================================================================
2025-11-10 15:19:20,441 - INFO - ✅ PRODUCTION SYSTEM EXECUTION COMPLETE
2025-11-10 15:19:20,441 - INFO - ================================================================================
2025-11-10 15:19:20,441 - INFO - 
📊 RECONCILIATION RESULTS:
2025-11-10 15:19:20,441 - INFO -    Total Records: 116,030
2025-11-10 15:19:20,441 - INFO -    ✅ Matched: 11,371 (9.8%)
2025-11-10 15:19:20,441 - INFO -    ❌ Unmatched: 104,659
2025-11-10 15:19:20,441 - INFO - 
💰 FINANCIAL SUMMARY:
2025-11-10 15:19:20,441 - INFO -    Total Billed: $842,445,681.11
2025-11-10 15:19:20,441 - INFO -    Total Invoiced: $487,326,480.49
2025-11-10 15:19:20,441 - INFO -    Total Variance: $355,119,200.62
2025-11-10 15:19:20,441 - INFO - 
📊 VENDOR ANALYSIS:
2025-11-10 15:19:20,441 - INFO -    Vendors Analyzed: 768
2025-11-10 15:19:20,442 - INFO -    Critical Variances: 717
2025-11-10 15:19:20,442 - INFO - 
📥 AUTO-ACCRUALS:
2025-11-10 15:19:20,442 - INFO -    Generated: 104,659
2025-11-10 15:19:20,442 - INFO -    Status: Ready for QB upload
2025-11-10 15:19:20,442 - INFO - 
✨ STATUS: PRODUCTION READY FOR GO-LIVE
2025-11-10 15:19:20,442 - INFO - ================================================================================
