2025-11-10 14:57:52,951 - INFO - ================================================================================
2025-11-10 14:57:52,951 - INFO - 🚀 PRODUCTION SYSTEM - FINAL COMPLETE VERSION
2025-11-10 14:57:52,952 - INFO -    Date/Time: 2025-11-10 19:57:52 UTC
2025-11-10 14:57:52,952 - INFO -    User: ravitejavavilala07-source
2025-11-10 14:57:52,952 - INFO -    Month: MAY 2025
2025-11-10 14:57:52,952 - INFO - ================================================================================
2025-11-10 14:57:52,952 - INFO - 
📂 Loading source files...
2025-11-10 14:58:06,168 - INFO -   ✅ Pivot: 113,393 records
2025-11-10 14:58:06,168 - INFO -   ✅ Accrual: 42 records
2025-11-10 14:58:06,168 - INFO -   ✅ Billable: 2,637 records
2025-11-10 14:58:06,169 - INFO - 
⚙️ STEP 2: DATA NORMALIZATION & EXPLICIT NUMERIC CASTING
2025-11-10 14:58:06,169 - INFO - ================================================================================
2025-11-10 14:58:06,343 - INFO -   ✅ Pivot: 113,393 records normalized
2025-11-10 14:58:06,343 - INFO -   ✅ Accrual: 42 records normalized
2025-11-10 14:58:06,343 - INFO -   ✅ Billable: 2,637 records normalized
2025-11-10 14:58:06,343 - INFO -   ✅ Explicit numeric types applied (np.int64, np.float64)
2025-11-10 14:58:06,343 - INFO - ================================================================================
2025-11-10 14:58:06,349 - INFO - 
📦 Combining transaction sources...
2025-11-10 14:58:06,369 - INFO -   ✅ Combined: 116,030 records
2025-11-10 14:58:06,369 - INFO - 
🔄 STEP 3: 5-STRATEGY MATCHING ENGINE
2025-11-10 14:58:06,369 - INFO - ================================================================================
2025-11-10 14:58:06,438 - INFO - 
[1/5] Exact ID Match...
2025-11-10 14:58:22,351 - INFO -   ✅ 10,028
2025-11-10 14:58:22,352 - INFO - 
[2/5] Fuzzy Name Match (85%+)...
2025-11-10 15:00:16,417 - INFO -   ✅ 1,343
2025-11-10 15:00:16,419 - INFO - 
[3/5] Amount Proximity Match...
2025-11-10 15:02:06,129 - INFO -   ✅ 0
2025-11-10 15:02:06,203 - INFO - 
📊 MATCHING SUMMARY:
2025-11-10 15:02:06,204 - INFO -   Total Matched: 11,371 (9.8%)
2025-11-10 15:02:06,204 - INFO - ================================================================================
2025-11-10 15:02:06,237 - INFO - 
📊 STEP 4: VENDOR-LEVEL AGGREGATION & SUMMARY
2025-11-10 15:02:06,237 - INFO - ================================================================================
2025-11-10 15:02:06,237 - INFO - Aggregating by vendor + service month...
2025-11-10 15:02:06,332 - INFO -   ✅ Analyzed: 768 vendors
2025-11-10 15:02:06,333 - INFO -   ✅ Critical variances: 717
2025-11-10 15:02:06,333 - INFO -   ✅ High variances: 24
2025-11-10 15:02:06,333 - INFO - ================================================================================
2025-11-10 15:02:06,333 - INFO - 
📥 STEP 5: AUTO-ACCRUAL GENERATION (QB-READY)
2025-11-10 15:02:06,333 - INFO - ================================================================================
2025-11-10 15:02:06,475 - INFO -   ✅ Generated: 104,659 auto-accrual entries
2025-11-10 15:02:06,475 - INFO -   ✅ Ready for QB upload
2025-11-10 15:02:06,475 - INFO - ================================================================================
2025-11-10 15:03:45,613 - INFO - 
📄 Reports Generated:
2025-11-10 15:03:45,615 - INFO -   ✅ Excel: Production_Report_11.10.2025_150206.xlsx
2025-11-10 15:03:46,162 - INFO -   ✅ CSV: Auto_Accruals_11.10.2025_150206.csv
2025-11-10 15:03:46,201 - INFO - 
================================================================================
2025-11-10 15:03:46,202 - INFO - ✅ PRODUCTION SYSTEM EXECUTION COMPLETE
2025-11-10 15:03:46,202 - INFO - ================================================================================
2025-11-10 15:03:46,202 - INFO - 
📊 RECONCILIATION RESULTS:
2025-11-10 15:03:46,202 - INFO -    Total Records: 116,030
2025-11-10 15:03:46,202 - INFO -    ✅ Matched: 11,371 (9.8%)
2025-11-10 15:03:46,202 - INFO -    ❌ Unmatched: 104,659
2025-11-10 15:03:46,202 - INFO - 
💰 FINANCIAL SUMMARY:
2025-11-10 15:03:46,202 - INFO -    Total Billed: $842,445,681.11
2025-11-10 15:03:46,202 - INFO -    Total Invoiced: $487,326,480.49
2025-11-10 15:03:46,202 - INFO -    Total Variance: $355,119,200.62
2025-11-10 15:03:46,202 - INFO - 
📊 VENDOR ANALYSIS:
2025-11-10 15:03:46,202 - INFO -    Vendors Analyzed: 768
2025-11-10 15:03:46,203 - INFO -    Critical Variances: 717
2025-11-10 15:03:46,203 - INFO - 
📥 AUTO-ACCRUALS:
2025-11-10 15:03:46,203 - INFO -    Generated: 104,659
2025-11-10 15:03:46,203 - INFO -    Status: Ready for QB upload
2025-11-10 15:03:46,203 - INFO - 
✨ STATUS: PRODUCTION READY FOR GO-LIVE
2025-11-10 15:03:46,203 - INFO - ================================================================================
